Android V2.1.3 SourceCode 20160506/manifest-merger-release-report.txt
-- Merging decision tree log ---
manifest
ADDED from AndroidManifest.xml:2:1
	package
		ADDED from AndroidManifest.xml:2:102
	android:versionName
		ADDED from AndroidManifest.xml:2:74
	android:hardwareAccelerated
		ADDED from AndroidManifest.xml:2:11
	android:versionCode
		ADDED from AndroidManifest.xml:2:46
		INJECTED from AndroidManifest.xml:0:0
		INJECTED from AndroidManifest.xml:0:0
	xmlns:android
		ADDED from AndroidManifest.xml:2:144
supports-screens
ADDED from AndroidManifest.xml:3:5
	android:largeScreens
		ADDED from AndroidManifest.xml:3:49
	android:smallScreens
		ADDED from AndroidManifest.xml:3:132
	android:normalScreens
		ADDED from AndroidManifest.xml:3:77
	android:xlargeScreens
		ADDED from AndroidManifest.xml:3:160
	android:resizeable
		ADDED from AndroidManifest.xml:3:106
	android:anyDensity
		ADDED from AndroidManifest.xml:3:23
uses-permission#android.permission.INTERNET
ADDED from AndroidManifest.xml:4:5
	android:name
		ADDED from AndroidManifest.xml:4:22
application
ADDED from AndroidManifest.xml:5:5
MERGED from com.android.support:support-v4:23.1.1:22:5
	android:label
		ADDED from AndroidManifest.xml:5:83
	android:supportsRtl
		ADDED from AndroidManifest.xml:5:116
	android:hardwareAccelerated
		ADDED from AndroidManifest.xml:5:18
	android:icon
		ADDED from AndroidManifest.xml:5:53
activity#com.lilly.ignitehealth.glucagon.MainActivity
ADDED from AndroidManifest.xml:6:9
	android:screenOrientation
		ADDED from AndroidManifest.xml:6:194
	android:label
		ADDED from AndroidManifest.xml:6:97
	android:launchMode
		ADDED from AndroidManifest.xml:6:135
	android:windowSoftInputMode
		ADDED from AndroidManifest.xml:6:285
	android:configChanges
		ADDED from AndroidManifest.xml:6:19
	android:theme
		ADDED from AndroidManifest.xml:6:231
	android:name
		ADDED from AndroidManifest.xml:6:166
intent-filter#android.intent.action.MAIN+android.intent.category.LAUNCHER
ADDED from AndroidManifest.xml:7:13
	android:label
		ADDED from AndroidManifest.xml:7:28
action#android.intent.action.MAIN
ADDED from AndroidManifest.xml:8:17
	android:name
		ADDED from AndroidManifest.xml:8:25
category#android.intent.category.LAUNCHER
ADDED from AndroidManifest.xml:9:17
	android:name
		ADDED from AndroidManifest.xml:9:27
activity#de.appplant.cordova.plugin.badge.LaunchActivity
ADDED from AndroidManifest.xml:12:9
	android:launchMode
		ADDED from AndroidManifest.xml:12:44
	android:exported
		ADDED from AndroidManifest.xml:12:19
	android:theme
		ADDED from AndroidManifest.xml:12:143
	android:name
		ADDED from AndroidManifest.xml:12:80
receiver#de.appplant.cordova.plugin.localnotification.TriggerReceiver
ADDED from AndroidManifest.xml:13:9
	android:exported
		ADDED from AndroidManifest.xml:13:19
	android:name
		ADDED from AndroidManifest.xml:13:44
receiver#de.appplant.cordova.plugin.localnotification.ClearReceiver
ADDED from AndroidManifest.xml:14:9
	android:exported
		ADDED from AndroidManifest.xml:14:19
	android:name
		ADDED from AndroidManifest.xml:14:44
activity#de.appplant.cordova.plugin.localnotification.ClickActivity
ADDED from AndroidManifest.xml:15:9
	android:launchMode
		ADDED from AndroidManifest.xml:15:44
	android:exported
		ADDED from AndroidManifest.xml:15:19
	android:theme
		ADDED from AndroidManifest.xml:15:154
	android:name
		ADDED from AndroidManifest.xml:15:80
receiver#de.appplant.cordova.plugin.notification.TriggerReceiver
ADDED from AndroidManifest.xml:16:9
	android:exported
		ADDED from AndroidManifest.xml:16:19
	android:name
		ADDED from AndroidManifest.xml:16:44
receiver#de.appplant.cordova.plugin.notification.ClearReceiver
ADDED from AndroidManifest.xml:17:9
	android:exported
		ADDED from AndroidManifest.xml:17:19
	android:name
		ADDED from AndroidManifest.xml:17:44
receiver#de.appplant.cordova.plugin.localnotification.RestoreReceiver
ADDED from AndroidManifest.xml:18:9
	android:exported
		ADDED from AndroidManifest.xml:18:19
	android:name
		ADDED from AndroidManifest.xml:18:44
intent-filter#android.intent.action.BOOT_COMPLETED
ADDED from AndroidManifest.xml:19:13
action#android.intent.action.BOOT_COMPLETED
ADDED from AndroidManifest.xml:20:17
	android:name
		ADDED from AndroidManifest.xml:20:25
activity#de.appplant.cordova.plugin.notification.ClickActivity
ADDED from AndroidManifest.xml:23:9
	android:launchMode
		ADDED from AndroidManifest.xml:23:44
	android:exported
		ADDED from AndroidManifest.xml:23:19
	android:theme
		ADDED from AndroidManifest.xml:23:149
	android:name
		ADDED from AndroidManifest.xml:23:80
uses-sdk
ADDED from AndroidManifest.xml:25:5
MERGED from me.leolin:ShortcutBadger:1.1.2:7:5
MERGED from com.android.support:support-v4:23.1.1:20:5
MERGED from android:CordovaLib:unspecified:release:25:5
	android:targetSdkVersion
		ADDED from AndroidManifest.xml:25:42
	android:minSdkVersion
		ADDED from AndroidManifest.xml:25:15
uses-permission#android.permission.WRITE_EXTERNAL_STORAGE
ADDED from AndroidManifest.xml:26:5
	android:name
		ADDED from AndroidManifest.xml:26:22
uses-permission#android.permission.ACCESS_NETWORK_STATE
ADDED from AndroidManifest.xml:27:5
	android:name
		ADDED from AndroidManifest.xml:27:22
uses-permission#com.sec.android.provider.badge.permission.READ
ADDED from me.leolin:ShortcutBadger:1.1.2:19:5
	android:name
		ADDED from me.leolin:ShortcutBadger:1.1.2:19:22
uses-permission#com.sec.android.provider.badge.permission.WRITE
ADDED from me.leolin:ShortcutBadger:1.1.2:20:5
	android:name
		ADDED from me.leolin:ShortcutBadger:1.1.2:20:22
uses-permission#com.htc.launcher.permission.READ_SETTINGS
ADDED from me.leolin:ShortcutBadger:1.1.2:23:5
	android:name
		ADDED from me.leolin:ShortcutBadger:1.1.2:23:22
uses-permission#com.htc.launcher.permission.UPDATE_SHORTCUT
ADDED from me.leolin:ShortcutBadger:1.1.2:24:5
	android:name
		ADDED from me.leolin:ShortcutBadger:1.1.2:24:22
uses-permission#com.sonyericsson.home.permission.BROADCAST_BADGE
ADDED from me.leolin:ShortcutBadger:1.1.2:27:5
	android:name
		ADDED from me.leolin:ShortcutBadger:1.1.2:27:22
uses-permission#com.anddoes.launcher.permission.UPDATE_COUNT
ADDED from me.leolin:ShortcutBadger:1.1.2:30:5
	android:name
		ADDED from me.leolin:ShortcutBadger:1.1.2:30:22
uses-permission#com.majeur.launcher.permission.UPDATE_BADGE
ADDED from me.leolin:ShortcutBadger:1.1.2:33:5
	android:name
		ADDED from me.leolin:ShortcutBadger:1.1.2:33:22